  gnut-anubis.cpp
  bandmat.cpp
  cholesky.cpp
  evalue.cpp
  fft.cpp
  hholder.cpp
  jacobi.cpp
  myexcept.cpp
  newfft.cpp
  newmat1.cpp
  newmat2.cpp
  newmat3.cpp
  newmat4.cpp
  newmat5.cpp
H:\Github_repository\GNSS_datacheck_Libs\anubis-main\newmat\newmat5.cpp(494,1): warning C4297: “MatrixInput::~MatrixInput”: 假定函数不引发异常，但确实发生了
H:\Github_repository\GNSS_datacheck_Libs\anubis-main\newmat\newmat5.cpp(494,1): message : 析构函数或释放器具有一个(可能是隐含的)非引发异常规范
  newmat6.cpp
  newmat7.cpp
  newmat8.cpp
  newmat9.cpp
  newmatex.cpp
  newmatrm.cpp
  正在生成代码...
  正在编译...
  nm_misc.cpp
  sort.cpp
  submat.cpp
  svd.cpp
  gallbias.cpp
  gallfltmat.cpp
  gallnav.cpp
H:\Github_repository\GNSS_datacheck_Libs\anubis-main\src\gall\gallnav.cpp(940,18): warning C4834: 放弃具有 "nodiscard" 属性的函数的返回值
  gallobj.cpp
  gallobs.cpp
  galloqc.cpp
  gallotl.cpp
  gallpar.cpp
  gallpcv.cpp
  gallprec.cpp
  gallprod.cpp
  gallrslt.cpp
  gallsurf.cpp
  bncobs.cpp
  gcoder.cpp
  rinexn.cpp
  正在生成代码...
  正在编译...
  rinexo.cpp
  rinexo2.cpp
  rinexo3.cpp
  sinex.cpp
  sp3.cpp
  gdata.cpp
  geph.cpp
  gephprec.cpp
  gmonit.cpp
  gnav.cpp
  gnavbds.cpp
  gnavgal.cpp
  gnavglo.cpp
  gnavgps.cpp
  gnavirn.cpp
  gnavqzs.cpp
  gnavsbs.cpp
  gobj.cpp
  gobsgnss.cpp
  gpppdata.cpp
  正在生成代码...
  正在编译...
  gqcdata.cpp
  grec.cpp
  grnxhdr.cpp
  grxnhdr.cpp
  gsatdata.cpp
  gsatgnss.cpp
  gtrn.cpp
  gfile.cpp
  gio.cpp
  giof.cpp
  giofz.cpp
  glog.cpp
  gnote.cpp
  gxml.cpp
  gxtr.cpp
  gxtrgrc.cpp
  gxtrqc.cpp
  gbancroft.cpp
  gbias.cpp
  gblindmops.cpp
  正在生成代码...
  正在编译...
  gdop.cpp
  geop.cpp
  geop80.cpp
  gephplan.cpp
  gfit.cpp
  gfitlmm.cpp
  gfunc.cpp
  gfunclin.cpp
  gfuncplane.cpp
  ggmf.cpp
  ggpt.cpp
  ginterp.cpp
  gmltpth.cpp
  gmodel.cpp
  gnwmbase.cpp
  gnwmsurf.cpp
  gotl.cpp
  gpar.cpp
  gpcv.cpp
  gpoly.cpp
  正在生成代码...
  正在编译...
  gpppmodel.cpp
  gsppmodel.cpp
  gstochasticmodel.cpp
  gtropo.cpp
  gtropoblind.cpp
  gflt.cpp
  gfltmat.cpp
  gpreproc.cpp
  gspp.cpp
  gsppflt.cpp
  gprod.cpp
  gprodclk.cpp
  gprodcrd.cpp
  gprodion.cpp
  gprodmet.cpp
  gprodtrp.cpp
  gproj.cpp
  gprojlcc.cpp
  gprojlci.cpp
  gcfg_anubis.cpp
  正在生成代码...
  正在编译...
  gsetbase.cpp
  gsetflt.cpp
  gsetgen.cpp
  gsetgnss.cpp
  gsetinp.cpp
  gsetnwm.cpp
  gsetout.cpp
  gsetproc.cpp
  gsetqc.cpp
  gsetrec.cpp
  gsetvar.cpp
  gcommon.cpp
  gconst.cpp
  gfileconv.cpp
  gmatrixconv.cpp
  gmutex.cpp
  gnss.cpp
  gnwmconv.cpp
  gobs.cpp
  gpair.cpp
  正在生成代码...
  正在编译...
  gsatview.cpp
  gstat.cpp
  gstat3d.cpp
  gsys.cpp
  gsysconv.cpp
  gtetrad.cpp
  gtime.cpp
  gtimesync.cpp
  gtriple.cpp
  gtypeconv.cpp
  gzstream.cpp
  md5.cpp
  pugixml.cpp
  正在生成代码...
  adler32.c
  compress.c
  crc32.c
  deflate.c
  gzclose.c
  gzlib.c
  gzread.c
  gzwrite.c
  infback.c
  inffast.c
  inflate.c
  inftrees.c
  trees.c
  uncompr.c
  zutil.c
  正在生成代码...
  Anubis.vcxproj -> H:\Github_repository\GNSS_datacheck_Libs\anubis-main\Inbetween\Anubis.exe
