The system is: Windows - 10.0.18363 - AMD64
Compiling the C compiler identification source file "CMakeCCompilerId.c" succeeded.
Compiler: C:/Program Files (x86)/Microsoft Visual Studio/2019/Enterprise/VC/Tools/MSVC/14.28.29910/bin/Hostx64/x64/cl.exe 
Build flags: 
Id flags:  

The output was:
0
用于 x64 的 Microsoft (R) C/C++ 优化编译器 19.28.29913 版
版权所有(C) Microsoft Corporation。保留所有权利。

CMakeCCompilerId.c
Microsoft (R) Incremental Linker Version 14.28.29913.0
Copyright (C) Microsoft Corporation.  All rights reserved.

/out:CMakeCCompilerId.exe 
CMakeCCompilerId.obj 


Compilation of the C compiler identification source "CMakeCCompilerId.c" produced "CMakeCCompilerId.exe"

Compilation of the C compiler identification source "CMakeCCompilerId.c" produced "CMakeCCompilerId.obj"

The C compiler identification is MSVC, found in "C:/Users/Dylan/Desktop/Anubis/zlib-1.2.11/out/build/x64-Debug/CMakeFiles/3.19.20122902-MSVC_2/CompilerIdC/CMakeCCompilerId.exe"

Detecting C compiler ABI info compiled with the following output:
Change Dir: C:/Users/Dylan/Desktop/Anubis/zlib-1.2.11/out/build/x64-Debug/CMakeFiles/CMakeTmp

Run Build Command(s):C:/Program Files (x86)/Microsoft Visual Studio/2019/Enterprise/Common7/IDE/CommonExtensions/Microsoft/CMake/Ninja/ninja.exe cmTC_aa990 && [1/2] Building C object CMakeFiles\cmTC_aa990.dir\CMakeCCompilerABI.c.obj
[2/2] Linking C executable cmTC_aa990.exe



Determining if the include file sys/types.h exists passed with the following output:
Change Dir: C:/Users/Dylan/Desktop/Anubis/zlib-1.2.11/out/build/x64-Debug/CMakeFiles/CMakeTmp

Run Build Command(s):C:/Program Files (x86)/Microsoft Visual Studio/2019/Enterprise/Common7/IDE/CommonExtensions/Microsoft/CMake/Ninja/ninja.exe cmTC_1f04c && [1/2] Building C object CMakeFiles\cmTC_1f04c.dir\CheckIncludeFile.c.obj
[2/2] Linking C executable cmTC_1f04c.exe



Determining if the include file stdint.h exists passed with the following output:
Change Dir: C:/Users/Dylan/Desktop/Anubis/zlib-1.2.11/out/build/x64-Debug/CMakeFiles/CMakeTmp

Run Build Command(s):C:/Program Files (x86)/Microsoft Visual Studio/2019/Enterprise/Common7/IDE/CommonExtensions/Microsoft/CMake/Ninja/ninja.exe cmTC_2b622 && [1/2] Building C object CMakeFiles\cmTC_2b622.dir\CheckIncludeFile.c.obj
[2/2] Linking C executable cmTC_2b622.exe



Determining if the include file stddef.h exists passed with the following output:
Change Dir: C:/Users/Dylan/Desktop/Anubis/zlib-1.2.11/out/build/x64-Debug/CMakeFiles/CMakeTmp

Run Build Command(s):C:/Program Files (x86)/Microsoft Visual Studio/2019/Enterprise/Common7/IDE/CommonExtensions/Microsoft/CMake/Ninja/ninja.exe cmTC_6400b && [1/2] Building C object CMakeFiles\cmTC_6400b.dir\CheckIncludeFile.c.obj
[2/2] Linking C executable cmTC_6400b.exe



